#
# A fatal error has been detected by the Java Runtime Environment:
#
#  Internal Error (javaClasses.cpp:136), pid=6908, tid=6940
#  fatal error: Invalid layout of preloaded class
#
# JRE version:  (7.0_45-b18) (build )
# Java VM: Java HotSpot(TM) Client VM (24.45-b08 mixed mode windows-x86 )
# Failed to write core dump. Minidumps are not enabled by default on client versions of Windows
#
# If you would like to submit a bug report, please visit:
#   http://bugreport.sun.com/bugreport/crash.jsp
#

---------------  T H R E A D  ---------------

Current thread (0x0150c000):  JavaThread "Unknown thread" [_thread_in_vm, id=6940, stack(0x01580000,0x015d0000)]

Stack: [0x01580000,0x015d0000],  sp=0x015cf93c,  free space=318k
Native frames: (J=compiled Java code, j=interpreted, Vv=VM code, C=native code)
V  [jvm.dll+0x18df51]
V  [jvm.dll+0x187cc6]
V  [jvm.dll+0x3586a]
V  [jvm.dll+0x358f6]
V  [jvm.dll+0x4400d]
V  [jvm.dll+0x442be]
V  [jvm.dll+0x9263a]
V  [jvm.dll+0x929eb]
V  [jvm.dll+0x13daf1]
V  [jvm.dll+0x1605fc]
V  [jvm.dll+0xc8ebf]
C  [javaw.exe+0x13ce]
C  [javaw.exe+0x1e40]
C  [javaw.exe+0xa5b1]
C  [javaw.exe+0xa63b]
C  [kernel32.dll+0x4ee1c]
C  [ntdll.dll+0x637eb]
C  [ntdll.dll+0x637be]


---------------  P R O C E S S  ---------------

Java Threads: ( => current thread )

Other Threads:

=>0x0150c000 (exited) JavaThread "Unknown thread" [_thread_in_vm, id=6940, stack(0x01580000,0x015d0000)]

VM state:not at safepoint (not fully initialized)

VM Mutex/Monitor currently owned by a thread: None

GC Heap History (0 events):
No events

Deoptimization events (0 events):
No events

Internal exceptions (0 events):
No events

Events (10 events):
Event: 0.037 loading class 0x01a1bc00 done
Event: 0.037 loading class 0x01a1b690 done
Event: 0.037 loading class 0x01a1b670
Event: 0.037 loading class 0x01a22998
Event: 0.037 loading class 0x01a22998 done
Event: 0.037 loading class 0x01a229c8
Event: 0.037 loading class 0x01a229c8 done
Event: 0.037 loading class 0x01a229f8
Event: 0.037 loading class 0x01a229f8 done
Event: 0.037 loading class 0x01a1b670 done


Dynamic libraries:
0x00280000 - 0x002af000 	C:\Program Files\Java\jre7\bin\javaw.exe
0x76ea0000 - 0x76fdc000 	C:\windows\SYSTEM32\ntdll.dll
0x76dc0000 - 0x76e94000 	C:\windows\system32\kernel32.dll
0x751e0000 - 0x7522b000 	C:\windows\system32\KERNELBASE.dll
0x74f10000 - 0x74f7d000 	C:\windows\System32\SYSFER.DLL
0x76990000 - 0x76a30000 	C:\windows\system32\ADVAPI32.dll
0x76680000 - 0x7672c000 	C:\windows\system32\msvcrt.dll
0x76a40000 - 0x76a59000 	C:\windows\SYSTEM32\sechost.dll
0x76310000 - 0x763b2000 	C:\windows\system32\RPCRT4.dll
0x76410000 - 0x764d9000 	C:\windows\system32\USER32.dll
0x764f0000 - 0x7653e000 	C:\windows\system32\GDI32.dll
0x76a30000 - 0x76a3a000 	C:\windows\system32\LPK.dll
0x75610000 - 0x756ad000 	C:\windows\system32\USP10.dll
0x73fe0000 - 0x7417e000 	C:\windows\WinSxS\x86_microsoft.windows.common-controls_6595b64144ccf1df_6.0.7601.17514_none_41e6975e2bd6f2b2\COMCTL32.dll
0x76a60000 - 0x76ab7000 	C:\windows\system32\SHLWAPI.dll
0x75380000 - 0x7539f000 	C:\windows\system32\IMM32.DLL
0x75540000 - 0x7560c000 	C:\windows\system32\MSCTF.dll
0x650f0000 - 0x651af000 	C:\Program Files\Java\jre7\bin\msvcr100.dll
0x649b0000 - 0x64d30000 	C:\Program Files\Java\jre7\bin\client\jvm.dll
0x6d6b0000 - 0x6d6b7000 	C:\windows\system32\WSOCK32.dll
0x763c0000 - 0x763f5000 	C:\windows\system32\WS2_32.dll
0x76400000 - 0x76406000 	C:\windows\system32\NSI.dll
0x73e50000 - 0x73e82000 	C:\windows\system32\WINMM.dll
0x756b0000 - 0x756b5000 	C:\windows\system32\PSAPI.DLL
0x73360000 - 0x7336c000 	C:\Program Files\Java\jre7\bin\verify.dll
0x65090000 - 0x650b0000 	C:\Program Files\Java\jre7\bin\java.dll
0x65070000 - 0x65083000 	C:\Program Files\Java\jre7\bin\zip.dll
0x65d80000 - 0x65e6b000 	C:\windows\system32\dbghelp.dll

VM Arguments:
jvm_args: -Dfile.encoding=Cp1252 -Xbootclasspath:D:\Ramakanth\cplus_softwares\adt-bundle-windows-x86-20140702\sdk\platforms\android-19\android.jar 
java_command: tcs.ctl.cplus.pool.Tmp
Launcher Type: SUN_STANDARD

Environment Variables:
JAVA_HOME=C:\bea\jdk142_08\bin;D:\Ramakanth\softwares\jdk142_08\bin;D:\Ramakanth\jdk1.7.0_21\bin;
CLASSPATH=C:\TIBCO\TIBRV\lib\tibrvj.jar;C:\bea\jdk142_08\bin;D:\Sharat\Software\jdk1.7.0_09\bin;D:\Ramakanth\softwares\jdk142_08\bin;D:\Ramakanth\jdk1.7.0_21\bin;
PATH=C:/Program Files/Java/jre7/bin/client;C:/Program Files/Java/jre7/bin;C:/Program Files/Java/jre7/lib/i386;C:\windows\system32;C:\windows;C:\windows\System32\Wbem;C:\windows\System32\WindowsPowerShell\v1.0\;D:\Sharat\Software\jdk1.7.0_09\bin;D:\Ramakanth\softwares\jdk142_08\bin;D:\Ramakanth\jdk1.7.0_21\bin;;D:\Ramakanth\cplus_softwares\adt-bundle-windows-x86-20140702\eclipse;
USERNAME=249560
OS=Windows_NT
PROCESSOR_IDENTIFIER=x86 Family 6 Model 23 Stepping 10, GenuineIntel



---------------  S Y S T E M  ---------------

OS: Windows 7 Build 7601 Service Pack 1

CPU:total 2 (2 cores per cpu, 1 threads per core) family 6 model 23 stepping 10, cmov, cx8, fxsr, mmx, sse, sse2, sse3, ssse3, sse4.1, tsc

Memory: 4k page, physical 3407028k(1006752k free), swap 7131332k(1210888k free)

vm_info: Java HotSpot(TM) Client VM (24.45-b08) for windows-x86 JRE (1.7.0_45-b18), built on Oct  8 2013 06:02:43 by "java_re" with unknown MS VC++:1600

time: Wed Jul 30 15:12:55 2014
elapsed time: 0 seconds

